# JRE version: Java(TM) SE Runtime Environment (21.0.8+12) (build 21.0.8+12-LTS-250)
# Java VM: Java HotSpot(TM) 64-Bit Server VM (21.0.8+12-LTS-250, mixed mode, sharing, tiered, compressed oops, compressed class ptrs, g1 gc, windows-amd64)
GC Precious Log:
 CardTable entry size: 512
 Card Set container configuration: InlinePtr #cards 5 size 8 Array Of Cards #cards 12 size 40 Howl #buckets 4 coarsen threshold 1843 Howl Bitmap #cards 512 size 80 coarsen threshold 460 Card regions per heap region 1 cards per card region 2048
 CPUs: 4 total, 4 available
 Memory: 3998M
 Large Page Support: Disabled
 NUMA Support: Disabled
 Compressed Oops: Enabled (32-bit)
 Heap Region Size: 1M
 Heap Min Capacity: 8M
 Heap Initial Capacity: 64M
 Heap Max Capacity: 1000M
 Pre-touch: Disabled
 Parallel Workers: 4
 Concurrent Workers: 1
 Concurrent Refinement Workers: 4
 Periodic GC: Disabled
Heap:
 garbage-first heap   total 55296K, used 40040K [0x00000000c1800000, 0x0000000100000000)
  region size 1024K, 17 young (17408K), 2 survivors (2048K)
 Metaspace       used 62163K, committed 62784K, reserved 1114112K
  class space    used 8167K, committed 8448K, reserved 1048576K
GC Heap History (20 events):
Event: 8.011 GC heap before
{Heap before GC invocations=2 (full 0):
 garbage-first heap   total 65536K, used 35774K [0x00000000c1800000, 0x0000000100000000)
  region size 1024K, 29 young (29696K), 1 survivors (1024K)
 Metaspace       used 13846K, committed 14208K, reserved 1114112K
  class space    used 1679K, committed 1856K, reserved 1048576K
}
Event: 8.021 GC heap after
{Heap after GC invocations=3 (full 0):
 garbage-first heap   total 65536K, used 10845K [0x00000000c1800000, 0x0000000100000000)
  region size 1024K, 4 young (4096K), 4 survivors (4096K)
 Metaspace       used 13846K, committed 14208K, reserved 1114112K
  class space    used 1679K, committed 1856K, reserved 1048576K
}
Event: 11.565 GC heap before
{Heap before GC invocations=3 (full 0):
 garbage-first heap   total 65536K, used 43613K [0x00000000c1800000, 0x0000000100000000)
  region size 1024K, 37 young (37888K), 4 survivors (4096K)
 Metaspace       used 19767K, committed 20224K, reserved 1114112K
  class space    used 2396K, committed 2624K, reserved 1048576K
}
Event: 11.582 GC heap after
{Heap after GC invocations=4 (full 0):
 garbage-first heap   total 65536K, used 14658K [0x00000000c1800000, 0x0000000100000000)
  region size 1024K, 4 young (4096K), 4 survivors (4096K)
 Metaspace       used 19767K, committed 20224K, reserved 1114112K
  class space    used 2396K, committed 2624K, reserved 1048576K
}
Event: 13.294 GC heap before
{Heap before GC invocations=4 (full 0):
 garbage-first heap   total 65536K, used 26946K [0x00000000c1800000, 0x0000000100000000)
  region size 1024K, 17 young (17408K), 4 survivors (4096K)
 Metaspace       used 21144K, committed 21504K, reserved 1114112K
  class space    used 2566K, committed 2752K, reserved 1048576K
}
Event: 13.306 GC heap after
{Heap after GC invocations=5 (full 0):
 garbage-first heap   total 65536K, used 15253K [0x00000000c1800000, 0x0000000100000000)
  region size 1024K, 2 young (2048K), 2 survivors (2048K)
 Metaspace       used 21144K, committed 21504K, reserved 1114112K
  class space    used 2566K, committed 2752K, reserved 1048576K
}
Event: 18.546 GC heap before
{Heap before GC invocations=6 (full 0):
 garbage-first heap   total 55296K, used 45973K [0x00000000c1800000, 0x0000000100000000)
  region size 1024K, 32 young (32768K), 2 survivors (2048K)
 Metaspace       used 26473K, committed 26880K, reserved 1114112K
  class space    used 3296K, committed 3456K, reserved 1048576K
}
Event: 18.557 GC heap after
{Heap after GC invocations=7 (full 0):
 garbage-first heap   total 55296K, used 17918K [0x00000000c1800000, 0x0000000100000000)
  region size 1024K, 4 young (4096K), 4 survivors (4096K)
 Metaspace       used 26473K, committed 26880K, reserved 1114112K
  class space    used 3296K, committed 3456K, reserved 1048576K
}
Event: 22.561 GC heap before
{Heap before GC invocations=7 (full 0):
 garbage-first heap   total 55296K, used 44542K [0x00000000c1800000, 0x0000000100000000)
  region size 1024K, 30 young (30720K), 4 survivors (4096K)
 Metaspace       used 31648K, committed 32192K, reserved 1114112K
  class space    used 3944K, committed 4224K, reserved 1048576K
}
Event: 22.580 GC heap after
{Heap after GC invocations=8 (full 0):
 garbage-first heap   total 55296K, used 20500K [0x00000000c1800000, 0x0000000100000000)
  region size 1024K, 3 young (3072K), 3 survivors (3072K)
 Metaspace       used 31648K, committed 32192K, reserved 1114112K
  class space    used 3944K, committed 4224K, reserved 1048576K
}
Event: 24.119 GC heap before
{Heap before GC invocations=8 (full 0):
 garbage-first heap   total 55296K, used 32788K [0x00000000c1800000, 0x0000000100000000)
  region size 1024K, 17 young (17408K), 3 survivors (3072K)
 Metaspace       used 35398K, committed 35968K, reserved 1114112K
  class space    used 4517K, committed 4736K, reserved 1048576K
}
Event: 24.130 GC heap after
{Heap after GC invocations=9 (full 0):
 garbage-first heap   total 55296K, used 21355K [0x00000000c1800000, 0x0000000100000000)
  region size 1024K, 1 young (1024K), 1 survivors (1024K)
 Metaspace       used 35398K, committed 35968K, reserved 1114112K
  class space    used 4517K, committed 4736K, reserved 1048576K
}
Event: 28.425 GC heap before
{Heap before GC invocations=10 (full 0):
 garbage-first heap   total 55296K, used 46955K [0x00000000c1800000, 0x0000000100000000)
  region size 1024K, 26 young (26624K), 1 survivors (1024K)
 Metaspace       used 45702K, committed 46272K, reserved 1114112K
  class space    used 5804K, committed 6016K, reserved 1048576K
}
Event: 28.435 GC heap after
{Heap after GC invocations=11 (full 0):
 garbage-first heap   total 55296K, used 23939K [0x00000000c1800000, 0x0000000100000000)
  region size 1024K, 4 young (4096K), 4 survivors (4096K)
 Metaspace       used 45702K, committed 46272K, reserved 1114112K
  class space    used 5804K, committed 6016K, reserved 1048576K
}
Event: 32.493 GC heap before
{Heap before GC invocations=11 (full 0):
 garbage-first heap   total 55296K, used 45443K [0x00000000c1800000, 0x0000000100000000)
  region size 1024K, 26 young (26624K), 4 survivors (4096K)
 Metaspace       used 50969K, committed 51520K, reserved 1114112K
  class space    used 6458K, committed 6720K, reserved 1048576K
}
Event: 32.508 GC heap after
{Heap after GC invocations=12 (full 0):
 garbage-first heap   total 55296K, used 25321K [0x00000000c1800000, 0x0000000100000000)
  region size 1024K, 2 young (2048K), 2 survivors (2048K)
 Metaspace       used 50969K, committed 51520K, reserved 1114112K
  class space    used 6458K, committed 6720K, reserved 1048576K
}
Event: 35.641 GC heap before
{Heap before GC invocations=12 (full 0):
 garbage-first heap   total 55296K, used 45801K [0x00000000c1800000, 0x0000000100000000)
  region size 1024K, 23 young (23552K), 2 survivors (2048K)
 Metaspace       used 57365K, committed 57920K, reserved 1114112K
  class space    used 7493K, committed 7744K, reserved 1048576K
}
Event: 35.648 GC heap after
{Heap after GC invocations=13 (full 0):
 garbage-first heap   total 55296K, used 26187K [0x00000000c1800000, 0x0000000100000000)
  region size 1024K, 3 young (3072K), 3 survivors (3072K)
 Metaspace       used 57365K, committed 57920K, reserved 1114112K
  class space    used 7493K, committed 7744K, reserved 1048576K
}
Event: 36.481 GC heap before
{Heap before GC invocations=13 (full 0):
 garbage-first heap   total 55296K, used 33355K [0x00000000c1800000, 0x0000000100000000)
  region size 1024K, 12 young (12288K), 3 survivors (3072K)
 Metaspace       used 59463K, committed 60096K, reserved 1114112K
  class space    used 7776K, committed 8064K, reserved 1048576K
}
Event: 36.488 GC heap after
{Heap after GC invocations=14 (full 0):
 garbage-first heap   total 55296K, used 26728K [0x00000000c1800000, 0x0000000100000000)
  region size 1024K, 2 young (2048K), 2 survivors (2048K)
 Metaspace       used 59463K, committed 60096K, reserved 1114112K
  class space    used 7776K, committed 8064K, reserved 1048576K
}

